2024-06-06 18:40:26 | INF | Database: table 'users' has been connected!
2024-06-06 18:40:26 | INF | Database: table 'channels' has been connected!
2024-06-06 18:40:27 | DEB | Consider installing rusty-rlp to improve pyrlp performance with a rust basedbackend. Not currently functional for Python 3.11
2024-06-06 18:40:27 | INF | Thread: Sending process has been started!
2024-06-06 18:40:27 | DEB | Using proactor: IocpProactor
2024-06-06 18:40:27 | DEB | Make request: "getMe" with data: "{}" and files "None"
2024-06-06 18:40:27 | DEB | Response for getMe: [200] "'{"ok":true,"result":{"id":6992604156,"is_bot":true,"first_name":"ETH Gas Monitoring Bot","username":"tokito_gasbot","can_join_groups":true,"can_read_all_group_messages":false,"supports_inline_queries":false,"can_connect_to_business":false}}'"
2024-06-06 18:40:27 | INF | Bot: ETH Gas Monitoring Bot [@tokito_gasbot]
2024-06-06 18:40:27 | DEB | Make request: "getWebhookInfo" with data: "{}" and files "None"
2024-06-06 18:40:27 | DEB | Response for getWebhookInfo: [200] "'{"ok":true,"result":{"url":"","has_custom_certificate":false,"pending_update_count":0}}'"
2024-06-06 18:40:27 | DEB | Make request: "deleteWebhook" with data: "{'drop_pending_updates': True}" and files "None"
2024-06-06 18:40:27 | DEB | Response for deleteWebhook: [200] "'{"ok":true,"result":true,"description":"Webhook is already deleted"}'"
2024-06-06 18:40:27 | WAR | Updates were skipped successfully.
2024-06-06 18:40:27 | DEB | Make request: "setMyCommands" with data: "{'commands': '[{"command": "/menu", "description": "настройки"}, {"command": "/help", "description": "поддержка"}]'}" and files "None"
2024-06-06 18:40:27 | DEB | Response for setMyCommands: [200] "'{"ok":true,"result":true}'"
2024-06-06 18:40:27 | DEB | ETH Gas Monitoring Bot has been started!
2024-06-06 18:40:27 | INF | Start polling.
2024-06-06 18:40:27 | DEB | Make request: "getWebhookInfo" with data: "{}" and files "None"
2024-06-06 18:40:27 | DEB | Response for getWebhookInfo: [200] "'{"ok":true,"result":{"url":"","has_custom_certificate":false,"pending_update_count":0}}'"
2024-06-06 18:40:27 | DEB | Make request: "getUpdates" with data: "{'timeout': 20}" and files "None"
2024-06-06 18:40:47 | DEB | Response for getUpdates: [200] "'{"ok":true,"result":[]}'"
2024-06-06 18:40:47 | DEB | Make request: "getUpdates" with data: "{'timeout': 20}" and files "None"
2024-06-06 18:41:07 | DEB | Response for getUpdates: [200] "'{"ok":true,"result":[]}'"
2024-06-06 18:41:08 | DEB | Make request: "getUpdates" with data: "{'timeout': 20}" and files "None"
2024-06-06 18:41:28 | DEB | Response for getUpdates: [200] "'{"ok":true,"result":[]}'"
2024-06-06 18:41:28 | DEB | Make request: "getUpdates" with data: "{'timeout': 20}" and files "None"
2024-06-06 18:41:48 | DEB | Response for getUpdates: [200] "'{"ok":true,"result":[]}'"
2024-06-06 18:41:48 | DEB | Make request: "getUpdates" with data: "{'timeout': 20}" and files "None"
2024-06-06 18:42:08 | DEB | Response for getUpdates: [200] "'{"ok":true,"result":[]}'"
2024-06-06 18:42:08 | DEB | Make request: "getUpdates" with data: "{'timeout': 20}" and files "None"
2024-06-06 18:42:28 | DEB | Response for getUpdates: [200] "'{"ok":true,"result":[]}'"
2024-06-06 18:42:28 | DEB | Make request: "getUpdates" with data: "{'timeout': 20}" and files "None"
2024-06-06 18:42:48 | DEB | Response for getUpdates: [200] "'{"ok":true,"result":[]}'"
2024-06-06 18:42:48 | DEB | Make request: "getUpdates" with data: "{'timeout': 20}" and files "None"
2024-06-06 18:43:08 | DEB | Response for getUpdates: [200] "'{"ok":true,"result":[]}'"
2024-06-06 18:43:09 | DEB | Make request: "getUpdates" with data: "{'timeout': 20}" and files "None"
2024-06-06 18:43:29 | DEB | Response for getUpdates: [200] "'{"ok":true,"result":[]}'"
2024-06-06 18:43:29 | DEB | Make request: "getUpdates" with data: "{'timeout': 20}" and files "None"
2024-06-06 18:43:49 | DEB | Response for getUpdates: [200] "'{"ok":true,"result":[]}'"
2024-06-06 18:43:49 | DEB | Make request: "getUpdates" with data: "{'timeout': 20}" and files "None"
2024-06-06 18:44:09 | DEB | Response for getUpdates: [200] "'{"ok":true,"result":[]}'"
2024-06-06 18:44:09 | DEB | Make request: "getUpdates" with data: "{'timeout': 20}" and files "None"
2024-06-06 18:44:29 | DEB | Response for getUpdates: [200] "'{"ok":true,"result":[]}'"
2024-06-06 18:44:29 | DEB | Make request: "getUpdates" with data: "{'timeout': 20}" and files "None"
2024-06-06 18:44:49 | DEB | Response for getUpdates: [200] "'{"ok":true,"result":[]}'"
2024-06-06 18:44:49 | DEB | Make request: "getUpdates" with data: "{'timeout': 20}" and files "None"
2024-06-06 18:45:09 | DEB | Response for getUpdates: [200] "'{"ok":true,"result":[]}'"
2024-06-06 18:45:10 | DEB | Make request: "getUpdates" with data: "{'timeout': 20}" and files "None"
2024-06-06 18:45:30 | DEB | Response for getUpdates: [200] "'{"ok":true,"result":[]}'"
2024-06-06 18:45:30 | DEB | Make request: "getUpdates" with data: "{'timeout': 20}" and files "None"
2024-06-06 18:45:50 | DEB | Response for getUpdates: [200] "'{"ok":true,"result":[]}'"
2024-06-06 18:45:50 | DEB | Make request: "getUpdates" with data: "{'timeout': 20}" and files "None"
2024-06-06 18:46:10 | DEB | Response for getUpdates: [200] "'{"ok":true,"result":[]}'"
2024-06-06 18:46:10 | DEB | Make request: "getUpdates" with data: "{'timeout': 20}" and files "None"
2024-06-06 18:46:30 | DEB | Response for getUpdates: [200] "'{"ok":true,"result":[]}'"
2024-06-06 18:46:30 | DEB | Make request: "getUpdates" with data: "{'timeout': 20}" and files "None"
2024-06-06 18:46:50 | DEB | Response for getUpdates: [200] "'{"ok":true,"result":[]}'"
2024-06-06 18:46:50 | DEB | Make request: "getUpdates" with data: "{'timeout': 20}" and files "None"
2024-06-06 18:47:10 | DEB | Response for getUpdates: [200] "'{"ok":true,"result":[]}'"
2024-06-06 18:47:10 | DEB | Make request: "getUpdates" with data: "{'timeout': 20}" and files "None"
2024-06-06 18:47:30 | DEB | Response for getUpdates: [200] "'{"ok":true,"result":[]}'"
2024-06-06 18:47:31 | DEB | Make request: "getUpdates" with data: "{'timeout': 20}" and files "None"
2024-06-06 18:47:51 | DEB | Response for getUpdates: [200] "'{"ok":true,"result":[]}'"
2024-06-06 18:47:51 | DEB | Make request: "getUpdates" with data: "{'timeout': 20}" and files "None"
2024-06-06 18:47:52 | INF | Stop polling...
2024-06-06 18:47:52 | WAR | Goodbye!
2024-06-06 18:47:52 | DEB | ETH Gas Monitoring Bot has been finished!
2024-06-06 18:47:52 | INF | Bot: ETH Gas Monitoring Bot [@tokito_gasbot]
2024-06-06 18:47:52 | DEB | Make request: "getWebhookInfo" with data: "{}" and files "None"
2024-06-06 18:47:52 | DEB | Response for getWebhookInfo: [200] "'{"ok":true,"result":{"url":"","has_custom_certificate":false,"pending_update_count":0}}'"
2024-06-06 18:47:52 | DEB | Make request: "deleteWebhook" with data: "{'drop_pending_updates': True}" and files "None"
2024-06-06 18:47:52 | DEB | Response for deleteWebhook: [200] "'{"ok":true,"result":true,"description":"Webhook is already deleted"}'"
2024-06-06 18:47:52 | WAR | Updates were skipped successfully.
2024-06-06 18:47:52 | DEB | Make request: "setMyCommands" with data: "{'commands': '[{"command": "/menu", "description": "настройки"}, {"command": "/help", "description": "поддержка"}]'}" and files "None"
2024-06-06 18:47:52 | DEB | Response for setMyCommands: [200] "'{"ok":true,"result":true}'"
2024-06-06 18:47:52 | DEB | ETH Gas Monitoring Bot has been started!
2024-06-06 18:47:52 | INF | Start polling.
2024-06-06 18:47:52 | DEB | Make request: "getWebhookInfo" with data: "{}" and files "None"
2024-06-06 18:47:52 | DEB | Response for getWebhookInfo: [200] "'{"ok":true,"result":{"url":"","has_custom_certificate":false,"pending_update_count":0}}'"
2024-06-06 18:47:52 | DEB | Make request: "getUpdates" with data: "{'timeout': 20}" and files "None"
2024-06-06 18:47:52 | ERR | Cause exception while getting updates.
Traceback (most recent call last):
  File "C:\Users\Егор\OneDrive\Рабочий стол\AT Industries\ORDER00X\gas_bot\.venv\lib\site-packages\aiogram\bot\api.py", line 139, in make_request
    async with session.post(url, data=req, **kwargs) as response:
  File "C:\Users\Егор\OneDrive\Рабочий стол\AT Industries\ORDER00X\gas_bot\.venv\lib\site-packages\aiohttp\client.py", line 1167, in __aenter__
    self._resp = await self._coro
  File "C:\Users\Егор\OneDrive\Рабочий стол\AT Industries\ORDER00X\gas_bot\.venv\lib\site-packages\aiohttp\client.py", line 586, in _request
    await resp.start(conn)
  File "C:\Users\Егор\OneDrive\Рабочий стол\AT Industries\ORDER00X\gas_bot\.venv\lib\site-packages\aiohttp\client_reqrep.py", line 905, in start
    message, payload = await protocol.read()  # type: ignore[union-attr]
  File "C:\Users\Егор\OneDrive\Рабочий стол\AT Industries\ORDER00X\gas_bot\.venv\lib\site-packages\aiohttp\streams.py", line 616, in read
    await self._waiter
aiohttp.client_exceptions.ClientOSError: [Errno 1] [SSL: APPLICATION_DATA_AFTER_CLOSE_NOTIFY] application data after close notify (_ssl.c:2702)

During handling of the above exception, another exception occurred:

Traceback (most recent call last):
  File "C:\Users\Егор\OneDrive\Рабочий стол\AT Industries\ORDER00X\gas_bot\.venv\lib\site-packages\aiogram\dispatcher\dispatcher.py", line 381, in start_polling
    updates = await self.bot.get_updates(
  File "C:\Users\Егор\OneDrive\Рабочий стол\AT Industries\ORDER00X\gas_bot\.venv\lib\site-packages\aiogram\bot\bot.py", line 110, in get_updates
    result = await self.request(api.Methods.GET_UPDATES, payload)
  File "C:\Users\Егор\OneDrive\Рабочий стол\AT Industries\ORDER00X\gas_bot\.venv\lib\site-packages\aiogram\bot\base.py", line 236, in request
    return await api.make_request(await self.get_session(), self.server, self.__token, method, data, files,
  File "C:\Users\Егор\OneDrive\Рабочий стол\AT Industries\ORDER00X\gas_bot\.venv\lib\site-packages\aiogram\bot\api.py", line 142, in make_request
    raise exceptions.NetworkError(f"aiohttp client throws an error: {e.__class__.__name__}: {e}")
aiogram.utils.exceptions.NetworkError: Aiohttp client throws an error: ClientOSError: [Errno 1] [SSL: APPLICATION_DATA_AFTER_CLOSE_NOTIFY] application data after close notify (_ssl.c:2702)
2024-06-06 18:47:57 | DEB | Make request: "getUpdates" with data: "{'timeout': 20}" and files "None"
2024-06-06 18:47:57 | DEB | Response for getUpdates: [409] "'{"ok":false,"error_code":409,"description":"Conflict: terminated by other getUpdates request; make sure that only one bot instance is running"}'"
2024-06-06 18:47:57 | ERR | Cause exception while getting updates.
Traceback (most recent call last):
  File "C:\Users\Егор\OneDrive\Рабочий стол\AT Industries\ORDER00X\gas_bot\.venv\lib\site-packages\aiogram\dispatcher\dispatcher.py", line 381, in start_polling
    updates = await self.bot.get_updates(
  File "C:\Users\Егор\OneDrive\Рабочий стол\AT Industries\ORDER00X\gas_bot\.venv\lib\site-packages\aiogram\bot\bot.py", line 110, in get_updates
    result = await self.request(api.Methods.GET_UPDATES, payload)
  File "C:\Users\Егор\OneDrive\Рабочий стол\AT Industries\ORDER00X\gas_bot\.venv\lib\site-packages\aiogram\bot\base.py", line 236, in request
    return await api.make_request(await self.get_session(), self.server, self.__token, method, data, files,
  File "C:\Users\Егор\OneDrive\Рабочий стол\AT Industries\ORDER00X\gas_bot\.venv\lib\site-packages\aiogram\bot\api.py", line 140, in make_request
    return check_result(method, response.content_type, response.status, await response.text())
  File "C:\Users\Егор\OneDrive\Рабочий стол\AT Industries\ORDER00X\gas_bot\.venv\lib\site-packages\aiogram\bot\api.py", line 119, in check_result
    exceptions.ConflictError.detect(description)
  File "C:\Users\Егор\OneDrive\Рабочий стол\AT Industries\ORDER00X\gas_bot\.venv\lib\site-packages\aiogram\utils\exceptions.py", line 140, in detect
    raise err(cls.text or description)
aiogram.utils.exceptions.TerminatedByOtherGetUpdates: Terminated by other getupdates request; make sure that only one bot instance is running
